Using pre-set license
Built from '2020.3/release' branch; Version is '2020.3.2f1 (8fd9074bf66c) revision 9427207'; Using compiler version '192528614'; Build Type 'Release'
OS: 'Windows 10 Pro; OS build 19044.3086; Version 2009; 64bit' Language: 'en' Physical Memory: 65471 MB
BatchMode: 1, IsHumanControllingUs: 0, StartBugReporterOnCrash: 0, Is64bit: 1, IsPro: 0

 COMMAND LINE ARGUMENTS:
C:\Program Files\Unity\Hub\Editor\2020.3.2f1\Editor\Unity.exe
-adb2
-batchMode
-noUpm
-name
AssetImportWorker0
-projectPath
C:/Users/allan/Yes Chef
-logFile
Logs/AssetImportWorker0.log
-srvPort
63650
Successfully changed project path to: C:/Users/allan/Yes Chef
C:/Users/allan/Yes Chef
Using Asset Import Pipeline V2.
Refreshing native plugins compatible for Editor in 18.86 ms, found 0 plugins.
Preloading 0 native plugins for Editor in 0.00 ms.
Initialize engine version: 2020.3.2f1 (8fd9074bf66c)
[Subsystems] Discovering subsystems at path C:/Program Files/Unity/Hub/Editor/2020.3.2f1/Editor/Data/Resources/UnitySubsystems
[Subsystems] Discovering subsystems at path C:/Users/allan/Yes Chef/Assets
GfxDevice: creating device client; threaded=0
Direct3D:
    Version:  Direct3D 11.0 [level 11.1]
    Renderer: NVIDIA GeForce RTX 2080 (ID=0x1e87)
    Vendor:   
    VRAM:     8002 MB
    Driver:   31.0.15.3179
Initialize mono
Mono path[0] = 'C:/Program Files/Unity/Hub/Editor/2020.3.2f1/Editor/Data/Managed'
Mono path[1] = 'C:/Program Files/Unity/Hub/Editor/2020.3.2f1/Editor/Data/MonoBleedingEdge/lib/mono/unityjit'
Mono config path = 'C:/Program Files/Unity/Hub/Editor/2020.3.2f1/Editor/Data/MonoBleedingEdge/etc'
Using monoOptions --debugger-agent=transport=dt_socket,embedding=1,server=y,suspend=n,address=127.0.0.1:56724
Begin MonoManager ReloadAssembly
Registering precompiled unity dll's ...
Register platform support module: C:/Program Files/Unity/Hub/Editor/2020.3.2f1/Editor/Data/PlaybackEngines/WindowsStandaloneSupport/UnityEditor.WindowsStandalone.Extensions.dll
Registered in 0.002012 seconds.
Native extension for WindowsStandalone target not found
Refreshing native plugins compatible for Editor in 19.21 ms, found 0 plugins.
Preloading 0 native plugins for Editor in 0.00 ms.
Invoked RoslynAnalysisRunner static constructor.
RoslynAnalysisRunner will not be running.
RoslynAnalysisRunner has terminated.
Mono: successfully reloaded assembly
- Completed reload, in  2.480 seconds
Platform modules already initialized, skipping
Registering precompiled user dll's ...
Registered in 0.000667 seconds.
Begin MonoManager ReloadAssembly
Native extension for WindowsStandalone target not found
Refreshing native plugins compatible for Editor in 0.18 ms, found 0 plugins.
Preloading 0 native plugins for Editor in 0.00 ms.
Invoked RoslynAnalysisRunner static constructor.
RoslynAnalysisRunner will not be running.
RoslynAnalysisRunner has terminated.
Mono: successfully reloaded assembly
- Completed reload, in  0.686 seconds
Platform modules already initialized, skipping
========================================================================
Worker process is ready to serve import requests
Launched and connected shader compiler UnityShaderCompiler.exe after 0.04 seconds
Refreshing native plugins compatible for Editor in 0.26 ms, found 0 plugins.
Preloading 0 native plugins for Editor in 0.00 ms.
Unloading 1122 Unused Serialized files (Serialized files now loaded: 0)
System memory in use before: 57.7 MB.
System memory in use after: 57.8 MB.

Unloading 10 unused Assets to reduce memory usage. Loaded Objects now: 1567.
Total: 1.555400 ms (FindLiveObjects: 0.115000 ms CreateObjectMapping: 0.029900 ms MarkObjects: 1.343900 ms  DeleteObjects: 0.065700 ms)

========================================================================
Received Import Request.
  path: Assets/Main/ReflectionProbe-0.exr
  artifactKey: Guid(19aa5bf8e2018e74993e36500ee0dc10) Importer(815301076,1909f56bfc062723c751e8b465ee728b)
Start importing Assets/Main/ReflectionProbe-0.exr using Guid(19aa5bf8e2018e74993e36500ee0dc10) Importer(815301076,1909f56bfc062723c751e8b465ee728b)  -> (artifact id: 'fe48bd80db2ca6e77538fa0d605354c7') in 0.111564 seconds
  Import took 0.113201 seconds .

========================================================================
Received Import Request.
  Time since last request: 0.000255 seconds.
  path: Assets/Materials/trashcan.mat
  artifactKey: Guid(0f94d93f9377ef3408eb668616aa9eb8) Importer(815301076,1909f56bfc062723c751e8b465ee728b)
Start importing Assets/Materials/trashcan.mat using Guid(0f94d93f9377ef3408eb668616aa9eb8) Importer(815301076,1909f56bfc062723c751e8b465ee728b)  -> (artifact id: '520d149bd22fc714db0bfed35141fbd3') in 0.034424 seconds
  Import took 0.036030 seconds .

========================================================================
Received Import Request.
  Time since last request: 0.000247 seconds.
  path: Assets/Main/LightingData.asset
  artifactKey: Guid(feea865b9bca79d458e0ae52ae0bc1c9) Importer(815301076,1909f56bfc062723c751e8b465ee728b)
Start importing Assets/Main/LightingData.asset using Guid(feea865b9bca79d458e0ae52ae0bc1c9) Importer(815301076,1909f56bfc062723c751e8b465ee728b)  -> (artifact id: '12ae6dbfd3450d7a9b434afc86b0aa97') in 0.012606 seconds
  Import took 0.014243 seconds .

========================================================================
Received Import Request.
  Time since last request: 19.609738 seconds.
  path: Assets/Scripts
  artifactKey: Guid(e9589434a937aa64e86c3dd9d46abdf5) Importer(815301076,1909f56bfc062723c751e8b465ee728b)
Start importing Assets/Scripts using Guid(e9589434a937aa64e86c3dd9d46abdf5) Importer(815301076,1909f56bfc062723c751e8b465ee728b)  -> (artifact id: '74b0fc973c96b43ae8e53dc15504e4be') in 0.010563 seconds
  Import took 0.012392 seconds .

========================================================================
Received Import Request.
  Time since last request: 1.979485 seconds.
  path: Assets/OrderWindow.cs
  artifactKey: Guid(39fb2aeeaf9d9b440aef94552f1e0b92) Importer(815301076,1909f56bfc062723c751e8b465ee728b)
Start importing Assets/OrderWindow.cs using Guid(39fb2aeeaf9d9b440aef94552f1e0b92) Importer(815301076,1909f56bfc062723c751e8b465ee728b)  -> (artifact id: '283f81b96cc59af187948a99344afe4e') in 0.013166 seconds
  Import took 0.015538 seconds .

========================================================================
Received Prepare
Registering precompiled user dll's ...
Registered in 0.000613 seconds.
Begin MonoManager ReloadAssembly
Native extension for WindowsStandalone target not found
Refreshing native plugins compatible for Editor in 0.22 ms, found 0 plugins.
Preloading 0 native plugins for Editor in 0.00 ms.
Invoked RoslynAnalysisRunner static constructor.
RoslynAnalysisRunner will not be running.
RoslynAnalysisRunner has terminated.
Mono: successfully reloaded assembly
- Completed reload, in  0.783 seconds
Platform modules already initialized, skipping
Refreshing native plugins compatible for Editor in 0.19 ms, found 0 plugins.
Preloading 0 native plugins for Editor in 0.00 ms.
Unloading 1117 Unused Serialized files (Serialized files now loaded: 0)
System memory in use before: 61.0 MB.
System memory in use after: 61.1 MB.

Unloading 5 unused Assets to reduce memory usage. Loaded Objects now: 1612.
Total: 1.704200 ms (FindLiveObjects: 0.142200 ms CreateObjectMapping: 0.035700 ms MarkObjects: 1.479200 ms  DeleteObjects: 0.046200 ms)

========================================================================
Received Prepare
Registering precompiled user dll's ...
Registered in 0.000730 seconds.
Begin MonoManager ReloadAssembly
Native extension for WindowsStandalone target not found
Refreshing native plugins compatible for Editor in 0.20 ms, found 0 plugins.
Preloading 0 native plugins for Editor in 0.00 ms.
Invoked RoslynAnalysisRunner static constructor.
RoslynAnalysisRunner will not be running.
RoslynAnalysisRunner has terminated.
Mono: successfully reloaded assembly
- Completed reload, in  0.688 seconds
Platform modules already initialized, skipping
Refreshing native plugins compatible for Editor in 0.19 ms, found 0 plugins.
Preloading 0 native plugins for Editor in 0.00 ms.
Unloading 1118 Unused Serialized files (Serialized files now loaded: 0)
System memory in use before: 61.0 MB.
System memory in use after: 61.1 MB.

Unloading 5 unused Assets to reduce memory usage. Loaded Objects now: 1616.
Total: 2.119300 ms (FindLiveObjects: 0.234000 ms CreateObjectMapping: 0.054900 ms MarkObjects: 1.780600 ms  DeleteObjects: 0.049000 ms)

========================================================================
Received Import Request.
  Time since last request: 141.409907 seconds.
  path: Assets/GameManager.cs
  artifactKey: Guid(2b10b982a02e3ba49999f8981648b379) Importer(815301076,1909f56bfc062723c751e8b465ee728b)
Start importing Assets/GameManager.cs using Guid(2b10b982a02e3ba49999f8981648b379) Importer(815301076,1909f56bfc062723c751e8b465ee728b)  -> (artifact id: 'b7a46cafca21270ad35e328be550df2f') in 0.011828 seconds
  Import took 0.013854 seconds .

========================================================================
Received Import Request.
  Time since last request: 0.014637 seconds.
  path: Assets/GameManager.cs
  artifactKey: Guid(2b10b982a02e3ba49999f8981648b379) Importer(815301076,1909f56bfc062723c751e8b465ee728b)
Start importing Assets/GameManager.cs using Guid(2b10b982a02e3ba49999f8981648b379) Importer(815301076,1909f56bfc062723c751e8b465ee728b)  -> (artifact id: 'b7a46cafca21270ad35e328be550df2f') in 0.002566 seconds
  Import took 0.004479 seconds .

========================================================================
Received Prepare
Registering precompiled user dll's ...
Registered in 0.000582 seconds.
Begin MonoManager ReloadAssembly
Native extension for WindowsStandalone target not found
Refreshing native plugins compatible for Editor in 0.19 ms, found 0 plugins.
Preloading 0 native plugins for Editor in 0.00 ms.
Invoked RoslynAnalysisRunner static constructor.
RoslynAnalysisRunner will not be running.
RoslynAnalysisRunner has terminated.
Mono: successfully reloaded assembly
- Completed reload, in  0.645 seconds
Platform modules already initialized, skipping
Refreshing native plugins compatible for Editor in 0.18 ms, found 0 plugins.
Preloading 0 native plugins for Editor in 0.00 ms.
Unloading 1117 Unused Serialized files (Serialized files now loaded: 0)
System memory in use before: 61.0 MB.
System memory in use after: 61.1 MB.

Unloading 6 unused Assets to reduce memory usage. Loaded Objects now: 1618.
Total: 1.651700 ms (FindLiveObjects: 0.128200 ms CreateObjectMapping: 0.034900 ms MarkObjects: 1.441600 ms  DeleteObjects: 0.046100 ms)

========================================================================
Received Prepare
Registering precompiled user dll's ...
Registered in 0.000654 seconds.
Begin MonoManager ReloadAssembly
Native extension for WindowsStandalone target not found
Refreshing native plugins compatible for Editor in 0.19 ms, found 0 plugins.
Preloading 0 native plugins for Editor in 0.00 ms.
Invoked RoslynAnalysisRunner static constructor.
RoslynAnalysisRunner will not be running.
RoslynAnalysisRunner has terminated.
Mono: successfully reloaded assembly
- Completed reload, in  0.657 seconds
Platform modules already initialized, skipping
Refreshing native plugins compatible for Editor in 0.19 ms, found 0 plugins.
Preloading 0 native plugins for Editor in 0.00 ms.
Unloading 1117 Unused Serialized files (Serialized files now loaded: 0)
System memory in use before: 61.1 MB.
System memory in use after: 61.1 MB.

Unloading 5 unused Assets to reduce memory usage. Loaded Objects now: 1621.
Total: 1.796900 ms (FindLiveObjects: 0.178400 ms CreateObjectMapping: 0.046500 ms MarkObjects: 1.527400 ms  DeleteObjects: 0.043600 ms)

========================================================================
Received Prepare
Registering precompiled user dll's ...
Registered in 0.000615 seconds.
Begin MonoManager ReloadAssembly
Native extension for WindowsStandalone target not found
Refreshing native plugins compatible for Editor in 0.19 ms, found 0 plugins.
Preloading 0 native plugins for Editor in 0.00 ms.
Invoked RoslynAnalysisRunner static constructor.
RoslynAnalysisRunner will not be running.
RoslynAnalysisRunner has terminated.
Mono: successfully reloaded assembly
- Completed reload, in  0.635 seconds
Platform modules already initialized, skipping
Refreshing native plugins compatible for Editor in 0.19 ms, found 0 plugins.
Preloading 0 native plugins for Editor in 0.00 ms.
Unloading 1117 Unused Serialized files (Serialized files now loaded: 0)
System memory in use before: 61.1 MB.
System memory in use after: 61.1 MB.

Unloading 5 unused Assets to reduce memory usage. Loaded Objects now: 1624.
Total: 1.710700 ms (FindLiveObjects: 0.196100 ms CreateObjectMapping: 0.053400 ms MarkObjects: 1.414700 ms  DeleteObjects: 0.045600 ms)

========================================================================
Received Prepare
Registering precompiled user dll's ...
Registered in 0.000577 seconds.
Begin MonoManager ReloadAssembly
Native extension for WindowsStandalone target not found
Refreshing native plugins compatible for Editor in 0.18 ms, found 0 plugins.
Preloading 0 native plugins for Editor in 0.00 ms.
Invoked RoslynAnalysisRunner static constructor.
RoslynAnalysisRunner will not be running.
RoslynAnalysisRunner has terminated.
Mono: successfully reloaded assembly
- Completed reload, in  0.624 seconds
Platform modules already initialized, skipping
Refreshing native plugins compatible for Editor in 0.23 ms, found 0 plugins.
Preloading 0 native plugins for Editor in 0.00 ms.
Unloading 1117 Unused Serialized files (Serialized files now loaded: 0)
System memory in use before: 61.1 MB.
System memory in use after: 61.1 MB.

Unloading 5 unused Assets to reduce memory usage. Loaded Objects now: 1627.
Total: 1.738700 ms (FindLiveObjects: 0.121000 ms CreateObjectMapping: 0.027400 ms MarkObjects: 1.547100 ms  DeleteObjects: 0.042200 ms)

========================================================================
Received Prepare
Registering precompiled user dll's ...
Registered in 0.000666 seconds.
Begin MonoManager ReloadAssembly
Native extension for WindowsStandalone target not found
Refreshing native plugins compatible for Editor in 0.19 ms, found 0 plugins.
Preloading 0 native plugins for Editor in 0.00 ms.
Invoked RoslynAnalysisRunner static constructor.
RoslynAnalysisRunner will not be running.
RoslynAnalysisRunner has terminated.
Mono: successfully reloaded assembly
- Completed reload, in  0.629 seconds
Platform modules already initialized, skipping
Refreshing native plugins compatible for Editor in 0.19 ms, found 0 plugins.
Preloading 0 native plugins for Editor in 0.00 ms.
Unloading 1117 Unused Serialized files (Serialized files now loaded: 0)
System memory in use before: 61.1 MB.
System memory in use after: 61.1 MB.

Unloading 5 unused Assets to reduce memory usage. Loaded Objects now: 1630.
Total: 1.724500 ms (FindLiveObjects: 0.209000 ms CreateObjectMapping: 0.039900 ms MarkObjects: 1.424100 ms  DeleteObjects: 0.050900 ms)

========================================================================
Received Import Request.
  Time since last request: 1026.826838 seconds.
  path: Assets/Scripts/GameManager.cs
  artifactKey: Guid(e336d4fed91717241b9662a69cf2b63d) Importer(815301076,1909f56bfc062723c751e8b465ee728b)
Start importing Assets/Scripts/GameManager.cs using Guid(e336d4fed91717241b9662a69cf2b63d) Importer(815301076,1909f56bfc062723c751e8b465ee728b)  -> (artifact id: '36340317bd26341887ad5822a4624b90') in 0.005701 seconds
  Import took 0.007735 seconds .

========================================================================
Received Import Request.
  Time since last request: 0.022942 seconds.
  path: Assets/Scripts/GameManager.cs
  artifactKey: Guid(e336d4fed91717241b9662a69cf2b63d) Importer(815301076,1909f56bfc062723c751e8b465ee728b)
Start importing Assets/Scripts/GameManager.cs using Guid(e336d4fed91717241b9662a69cf2b63d) Importer(815301076,1909f56bfc062723c751e8b465ee728b)  -> (artifact id: '36340317bd26341887ad5822a4624b90') in 0.002317 seconds
  Import took 0.004582 seconds .

========================================================================
Received Prepare
Registering precompiled user dll's ...
Registered in 0.000614 seconds.
Begin MonoManager ReloadAssembly
Native extension for WindowsStandalone target not found
Refreshing native plugins compatible for Editor in 0.24 ms, found 0 plugins.
Preloading 0 native plugins for Editor in 0.00 ms.
Invoked RoslynAnalysisRunner static constructor.
RoslynAnalysisRunner will not be running.
RoslynAnalysisRunner has terminated.
Mono: successfully reloaded assembly
- Completed reload, in  0.649 seconds
Platform modules already initialized, skipping
Refreshing native plugins compatible for Editor in 0.20 ms, found 0 plugins.
Preloading 0 native plugins for Editor in 0.00 ms.
Unloading 1117 Unused Serialized files (Serialized files now loaded: 0)
System memory in use before: 61.1 MB.
System memory in use after: 61.1 MB.

Unloading 5 unused Assets to reduce memory usage. Loaded Objects now: 1633.
Total: 1.624600 ms (FindLiveObjects: 0.130900 ms CreateObjectMapping: 0.032700 ms MarkObjects: 1.406000 ms  DeleteObjects: 0.054300 ms)

========================================================================
Received Import Request.
  Time since last request: 27.570421 seconds.
  path: Assets/Scripts/GameManager.cs
  artifactKey: Guid(e336d4fed91717241b9662a69cf2b63d) Importer(815301076,1909f56bfc062723c751e8b465ee728b)
Start importing Assets/Scripts/GameManager.cs using Guid(e336d4fed91717241b9662a69cf2b63d) Importer(815301076,1909f56bfc062723c751e8b465ee728b)  -> (artifact id: 'a4c851a1e5cfeba99f168b16707abe23') in 0.003603 seconds
  Import took 0.005251 seconds .

========================================================================
Received Prepare
Registering precompiled user dll's ...
Registered in 0.000608 seconds.
Begin MonoManager ReloadAssembly
Native extension for WindowsStandalone target not found
Refreshing native plugins compatible for Editor in 0.18 ms, found 0 plugins.
Preloading 0 native plugins for Editor in 0.00 ms.
Invoked RoslynAnalysisRunner static constructor.
RoslynAnalysisRunner will not be running.
RoslynAnalysisRunner has terminated.
Mono: successfully reloaded assembly
- Completed reload, in  0.625 seconds
Platform modules already initialized, skipping
Refreshing native plugins compatible for Editor in 0.19 ms, found 0 plugins.
Preloading 0 native plugins for Editor in 0.00 ms.
Unloading 1117 Unused Serialized files (Serialized files now loaded: 0)
System memory in use before: 61.1 MB.
System memory in use after: 61.2 MB.

Unloading 5 unused Assets to reduce memory usage. Loaded Objects now: 1636.
Total: 1.557100 ms (FindLiveObjects: 0.129100 ms CreateObjectMapping: 0.034200 ms MarkObjects: 1.349900 ms  DeleteObjects: 0.043300 ms)

========================================================================
Received Prepare
Registering precompiled user dll's ...
Registered in 0.000620 seconds.
Begin MonoManager ReloadAssembly
Native extension for WindowsStandalone target not found
Refreshing native plugins compatible for Editor in 0.20 ms, found 0 plugins.
Preloading 0 native plugins for Editor in 0.00 ms.
Invoked RoslynAnalysisRunner static constructor.
RoslynAnalysisRunner will not be running.
RoslynAnalysisRunner has terminated.
Mono: successfully reloaded assembly
- Completed reload, in  0.658 seconds
Platform modules already initialized, skipping
Refreshing native plugins compatible for Editor in 0.18 ms, found 0 plugins.
Preloading 0 native plugins for Editor in 0.00 ms.
Unloading 1117 Unused Serialized files (Serialized files now loaded: 0)
System memory in use before: 61.1 MB.
System memory in use after: 61.2 MB.

Unloading 5 unused Assets to reduce memory usage. Loaded Objects now: 1639.
Total: 1.721400 ms (FindLiveObjects: 0.136200 ms CreateObjectMapping: 0.035700 ms MarkObjects: 1.503700 ms  DeleteObjects: 0.044800 ms)

========================================================================
Received Import Request.
  Time since last request: 133.248088 seconds.
  path: Assets/Scripts/GameManager.cs
  artifactKey: Guid(e336d4fed91717241b9662a69cf2b63d) Importer(815301076,1909f56bfc062723c751e8b465ee728b)
Start importing Assets/Scripts/GameManager.cs using Guid(e336d4fed91717241b9662a69cf2b63d) Importer(815301076,1909f56bfc062723c751e8b465ee728b)  -> (artifact id: '4bea2bd1afe6db2493085b60b0d064c8') in 0.004535 seconds
  Import took 0.006173 seconds .

========================================================================
Received Import Request.
  Time since last request: 0.355663 seconds.
  path: Assets/Scripts/PlayerController.cs
  artifactKey: Guid(a2d29dacaf09ced49a9ee3e9b3b3e518) Importer(815301076,1909f56bfc062723c751e8b465ee728b)
Start importing Assets/Scripts/PlayerController.cs using Guid(a2d29dacaf09ced49a9ee3e9b3b3e518) Importer(815301076,1909f56bfc062723c751e8b465ee728b)  -> (artifact id: '28969f0bac72bee182780c66af1860ff') in 0.011601 seconds
  Import took 0.013932 seconds .

========================================================================
Received Import Request.
  Time since last request: 0.000354 seconds.
  path: Assets/Scripts/PlayerController.cs
  artifactKey: Guid(a2d29dacaf09ced49a9ee3e9b3b3e518) Importer(815301076,1909f56bfc062723c751e8b465ee728b)
Start importing Assets/Scripts/PlayerController.cs using Guid(a2d29dacaf09ced49a9ee3e9b3b3e518) Importer(815301076,1909f56bfc062723c751e8b465ee728b)  -> (artifact id: '28969f0bac72bee182780c66af1860ff') in 0.002301 seconds
  Import took 0.004425 seconds .

========================================================================
Received Import Request.
  Time since last request: 1.520238 seconds.
  path: Assets/Scripts/Refrigerator.cs
  artifactKey: Guid(b371881a42a97d24e9c8bad259bff79f) Importer(815301076,1909f56bfc062723c751e8b465ee728b)
Start importing Assets/Scripts/Refrigerator.cs using Guid(b371881a42a97d24e9c8bad259bff79f) Importer(815301076,1909f56bfc062723c751e8b465ee728b)  -> (artifact id: '822b0541eb3dddd55efc1e628feac4dd') in 0.010326 seconds
  Import took 0.012537 seconds .

========================================================================
Received Import Request.
  Time since last request: 1.180957 seconds.
  path: Assets/Scripts/Stove.cs
  artifactKey: Guid(1edd0f6b425ac1945981f3b07dda5d34) Importer(815301076,1909f56bfc062723c751e8b465ee728b)
Start importing Assets/Scripts/Stove.cs using Guid(1edd0f6b425ac1945981f3b07dda5d34) Importer(815301076,1909f56bfc062723c751e8b465ee728b)  -> (artifact id: '250294c6e6a5beef93f6598186ac3a06') in 0.012310 seconds
  Import took 0.014557 seconds .

========================================================================
Received Import Request.
  Time since last request: 1.094557 seconds.
  path: Assets/Scripts/Table.cs
  artifactKey: Guid(2864bdff2e3fd2c408ec5049a54d454f) Importer(815301076,1909f56bfc062723c751e8b465ee728b)
Start importing Assets/Scripts/Table.cs using Guid(2864bdff2e3fd2c408ec5049a54d454f) Importer(815301076,1909f56bfc062723c751e8b465ee728b)  -> (artifact id: 'be252937e88b41be5ecea8da02931be1') in 0.010561 seconds
  Import took 0.012446 seconds .

========================================================================
Received Prepare
Registering precompiled user dll's ...
Registered in 0.000600 seconds.
Begin MonoManager ReloadAssembly
Native extension for WindowsStandalone target not found
Refreshing native plugins compatible for Editor in 0.18 ms, found 0 plugins.
Preloading 0 native plugins for Editor in 0.00 ms.
Invoked RoslynAnalysisRunner static constructor.
RoslynAnalysisRunner will not be running.
RoslynAnalysisRunner has terminated.
Mono: successfully reloaded assembly
- Completed reload, in  0.650 seconds
Platform modules already initialized, skipping
Refreshing native plugins compatible for Editor in 0.18 ms, found 0 plugins.
Preloading 0 native plugins for Editor in 0.00 ms.
Unloading 1117 Unused Serialized files (Serialized files now loaded: 0)
System memory in use before: 61.1 MB.
System memory in use after: 61.2 MB.

Unloading 5 unused Assets to reduce memory usage. Loaded Objects now: 1642.
Total: 1.598200 ms (FindLiveObjects: 0.134300 ms CreateObjectMapping: 0.029400 ms MarkObjects: 1.390300 ms  DeleteObjects: 0.043500 ms)

========================================================================
Received Import Request.
  Time since last request: 166.724363 seconds.
  path: Assets/Scenes/SampleScene.unity
  artifactKey: Guid(9fc0d4010bbf28b4594072e72b8655ab) Importer(815301076,1909f56bfc062723c751e8b465ee728b)
Start importing Assets/Scenes/SampleScene.unity using Guid(9fc0d4010bbf28b4594072e72b8655ab) Importer(815301076,1909f56bfc062723c751e8b465ee728b)  -> (artifact id: '75076e30b8b84ebf5e20060e44b32f1e') in 0.016652 seconds
  Import took 0.018361 seconds .

========================================================================
Received Prepare
Registering precompiled user dll's ...
Registered in 0.000617 seconds.
Begin MonoManager ReloadAssembly
Native extension for WindowsStandalone target not found
Refreshing native plugins compatible for Editor in 0.19 ms, found 0 plugins.
Preloading 0 native plugins for Editor in 0.00 ms.
Invoked RoslynAnalysisRunner static constructor.
RoslynAnalysisRunner will not be running.
RoslynAnalysisRunner has terminated.
Mono: successfully reloaded assembly
- Completed reload, in  0.653 seconds
Platform modules already initialized, skipping
Refreshing native plugins compatible for Editor in 0.19 ms, found 0 plugins.
Preloading 0 native plugins for Editor in 0.00 ms.
Unloading 1117 Unused Serialized files (Serialized files now loaded: 0)
System memory in use before: 61.2 MB.
System memory in use after: 61.2 MB.

Unloading 5 unused Assets to reduce memory usage. Loaded Objects now: 1645.
Total: 1.633500 ms (FindLiveObjects: 0.148900 ms CreateObjectMapping: 0.038700 ms MarkObjects: 1.397400 ms  DeleteObjects: 0.047400 ms)

========================================================================
Received Prepare
Registering precompiled user dll's ...
Registered in 0.000633 seconds.
Begin MonoManager ReloadAssembly
Native extension for WindowsStandalone target not found
Refreshing native plugins compatible for Editor in 0.25 ms, found 0 plugins.
Preloading 0 native plugins for Editor in 0.00 ms.
Invoked RoslynAnalysisRunner static constructor.
RoslynAnalysisRunner will not be running.
RoslynAnalysisRunner has terminated.
Mono: successfully reloaded assembly
- Completed reload, in  0.646 seconds
Platform modules already initialized, skipping
Refreshing native plugins compatible for Editor in 0.28 ms, found 0 plugins.
Preloading 0 native plugins for Editor in 0.00 ms.
Unloading 1117 Unused Serialized files (Serialized files now loaded: 0)
System memory in use before: 61.2 MB.
System memory in use after: 61.2 MB.

Unloading 5 unused Assets to reduce memory usage. Loaded Objects now: 1648.
Total: 1.677900 ms (FindLiveObjects: 0.139000 ms CreateObjectMapping: 0.028400 ms MarkObjects: 1.466000 ms  DeleteObjects: 0.043700 ms)

========================================================================
Received Prepare
Registering precompiled user dll's ...
Registered in 0.000663 seconds.
Begin MonoManager ReloadAssembly
Native extension for WindowsStandalone target not found
Refreshing native plugins compatible for Editor in 0.19 ms, found 0 plugins.
Preloading 0 native plugins for Editor in 0.00 ms.
Invoked RoslynAnalysisRunner static constructor.
RoslynAnalysisRunner will not be running.
RoslynAnalysisRunner has terminated.
Mono: successfully reloaded assembly
- Completed reload, in  0.637 seconds
Platform modules already initialized, skipping
Refreshing native plugins compatible for Editor in 0.27 ms, found 0 plugins.
Preloading 0 native plugins for Editor in 0.00 ms.
Unloading 1117 Unused Serialized files (Serialized files now loaded: 0)
System memory in use before: 61.2 MB.
System memory in use after: 61.2 MB.

Unloading 5 unused Assets to reduce memory usage. Loaded Objects now: 1651.
Total: 1.672200 ms (FindLiveObjects: 0.173400 ms CreateObjectMapping: 0.045400 ms MarkObjects: 1.408100 ms  DeleteObjects: 0.044600 ms)

AssetImportWorkerClient::OnTransportError - code=2 error=End of file
